======================================================= test session starts =======================================================
platform linux -- Python 3.12.10, pytest-8.3.4, pluggy-1.5.0
rootdir: /workspace/state-tax-wizard-44
collected 73 items

.......................................................................                                                  [100%]
======================================================= warnings summary =======================================================
/root/.pyenv/versions/3.12.10/lib/python3.12/site-packages/passlib/utils/__init__.py:854
  /root/.pyenv/versions/3.12.10/lib/python3.12/site-packages/passlib/utils/__init__.py:854: DeprecationWarning: 'crypt' is deprecated and slated for removal in Python 3.13
    from crypt import crypt as _crypt

backend/tests/test_analytics_overview.py: 1 warning
backend/tests/test_auth_and_fees.py: 7 warnings
backend/tests/test_authz_scope.py: 3 warnings
backend/tests/test_billing_api.py: 7 warnings
backend/tests/test_billing_webhook_endpoint.py: 3 warnings
backend/tests/test_fee_reversals.py: 2 warnings
backend/tests/test_fee_security.py: 7 warnings
backend/tests/test_fee_settings_integration.py: 8 warnings
backend/tests/test_integrations_api.py: 3 warnings
backend/tests/test_mn_report_json.py: 3 warnings
backend/tests/test_report_audit.py: 4 warnings
backend/tests/test_rules_endpoint.py: 1 warning
backend/tests/test_store_settings.py: 2 warnings
  /root/.pyenv/versions/3.12.10/lib/python3.12/site-packages/httpx/_client.py:690: DeprecationWarning: The 'app' shortcut is now deprecated. Use the explicit style 'transport=WSGITransport(app=...)' instead.
    warnings.warn(message, DeprecationWarning)

backend/tests/test_analytics_overview.py: 2 warnings
backend/tests/test_auth_and_fees.py: 8 warnings
backend/tests/test_authz_scope.py: 2 warnings
backend/tests/test_billing_api.py: 6 warnings
backend/tests/test_billing_webhook_endpoint.py: 1 warning
backend/tests/test_fee_reversals.py: 5 warnings
backend/tests/test_fee_security.py: 19 warnings
backend/tests/test_fee_settings_integration.py: 16 warnings
backend/tests/test_integrations_api.py: 3 warnings
backend/tests/test_mn_report_json.py: 4 warnings
backend/tests/test_report_audit.py: 7 warnings
backend/tests/test_rules_endpoint.py: 1 warning
backend/tests/test_store_settings.py: 2 warnings
  /root/.pyenv/versions/3.12.10/lib/python3.12/site-packages/jose/jwt.py:311: DeprecationWarning: datetime.datetime.utcnow() is deprecated and scheduled for removal in a future version. Use timezone-aware objects to represent datetimes in UTC: datetime.datetime.now(datetime.UTC).
    now = timegm(datetime.utcnow().utctimetuple())

-- Docs: https://docs.pytest.org/en/stable/how-to/capture-warnings.html
73 passed, 128 warnings in 11.22s
